<?xml version="1.0" encoding="UTF-8"?>
<!-- Generated by org.testng.reporters.JUnitReportReporter -->
<testsuite hostname="DSK-658" failures="0" tests="1" name="com.automation.testscripts.SearchItems" time="16.408" errors="0" timestamp="2021-03-31T15:34:29 IST" skipped="0">
  <testcase classname="com.automation.testscripts.SearchItems" name="searchItems" time="16.408"/>
  <system-out/>
</testsuite> <!-- com.automation.testscripts.SearchItems -->
