<?xml version="1.0" encoding="UTF-8"?>
<!-- Generated by org.testng.reporters.JUnitReportReporter -->
<testsuite hostname="DSK-323" failures="0" tests="3" name="com.automation.testscripts.NewsLetter" time="44.941" errors="0" timestamp="2021-03-31T18:30:52 IST" skipped="0">
  <testcase classname="com.automation.testscripts.NewsLetter" name="inValidEmailNewsLetter" time="13.771"/>
  <system-out/>
  <testcase classname="com.automation.testscripts.NewsLetter" name="inValidEmailNewsLetter" time="15.360"/>
  <system-out/>
  <testcase classname="com.automation.testscripts.NewsLetter" name="registeredNewsLetter" time="15.810"/>
  <system-out/>
</testsuite> <!-- com.automation.testscripts.NewsLetter -->
