<?xml version="1.0" encoding="UTF-8"?>
<!-- Generated by org.testng.reporters.JUnitReportReporter -->
<testsuite hostname="DSK-323" failures="0" tests="3" name="com.automation.testscripts.SignIn" time="42.479" errors="0" timestamp="2021-03-31T10:28:34 IST" skipped="0">
  <testcase classname="com.automation.testscripts.SignIn" name="invalidSignIn" time="12.354"/>
  <system-out/>
  <testcase classname="com.automation.testscripts.SignIn" name="invalidSignIn" time="15.614"/>
  <system-out/>
  <testcase classname="com.automation.testscripts.SignIn" name="validSignIn" time="14.511"/>
  <system-out/>
</testsuite> <!-- com.automation.testscripts.SignIn -->
