<?xml version="1.0" encoding="UTF-8"?>
<!-- Generated by org.testng.reporters.JUnitReportReporter -->
<testsuite hostname="DSK-541" failures="0" tests="1" name="com.automation.testscripts.SearchAndAddToCart" time="37.945" errors="0" timestamp="2021-03-31T12:30:30 IST" skipped="0">
  <testcase classname="com.automation.testscripts.SearchAndAddToCart" name="addToCart" time="37.945"/>
  <system-out/>
</testsuite> <!-- com.automation.testscripts.SearchAndAddToCart -->
