<?xml version="1.0" encoding="UTF-8"?>
<!-- Generated by org.testng.reporters.JUnitReportReporter -->
<testsuite hostname="DSK-323" failures="0" tests="1" name="com.automation.testscripts.ContactUs" time="17.666" errors="0" timestamp="2021-04-01T11:39:18 IST" skipped="0">
  <testcase classname="com.automation.testscripts.ContactUs" name="validContactUs" time="17.666"/>
  <system-out/>
</testsuite> <!-- com.automation.testscripts.ContactUs -->
