<?xml version="1.0" encoding="UTF-8"?>
<!-- Generated by org.testng.reporters.JUnitReportReporter -->
<testsuite hostname="DSK-658" failures="0" tests="1" name="com.automation.testscripts.AboutUs" time="14.336" errors="0" timestamp="2021-03-31T17:49:56 IST" skipped="0">
  <testcase classname="com.automation.testscripts.AboutUs" name="aboutUs" time="14.336"/>
  <system-out>
<b>The about us page is opened successfully</b> <br />  </system-out>
</testsuite> <!-- com.automation.testscripts.AboutUs -->
