<?xml version="1.0" encoding="UTF-8"?>
<!-- Generated by org.testng.reporters.JUnitReportReporter -->
<testsuite hostname="DSK-658" failures="0" tests="1" name="com.automation.testscripts.SendToEmail" time="13.840" errors="0" timestamp="2021-03-31T16:37:17 IST" skipped="0">
  <testcase classname="com.automation.testscripts.SendToEmail" name="bestSellerFunctionality" time="13.840"/>
  <system-out/>
</testsuite> <!-- com.automation.testscripts.SendToEmail -->
