<?xml version="1.0" encoding="UTF-8"?>
<!-- Generated by org.testng.reporters.JUnitReportReporter -->
<testsuite hostname="DSK-323" failures="0" tests="1" name="AutomationTestScripts.BestSellers" time="14.298" errors="0" timestamp="2021-03-30T14:54:58 IST" skipped="0">
  <testcase classname="AutomationTestScripts.BestSellers" name="bestSellerFunctionality" time="14.298"/>
  <system-out/>
</testsuite> <!-- AutomationTestScripts.BestSellers -->
