<?xml version="1.0" encoding="UTF-8"?>
<!-- Generated by org.testng.reporters.JUnitReportReporter -->
<testsuite hostname="DSK-323" failures="0" tests="1" name="com.automation.testscripts.Categories" time="19.819" errors="0" timestamp="2021-04-01T12:10:09 IST" skipped="0">
  <testcase classname="com.automation.testscripts.Categories" name="categoriesWomenCheck" time="19.819"/>
  <system-out/>
</testsuite> <!-- com.automation.testscripts.Categories -->
